<?xml version="1.0" encoding="UTF-8"?>
<!-- Generated by org.testng.reporters.JUnitXMLReporter -->
<testsuite ignored="0" hostname="DESKTOP-QE60BAB" failures="1" tests="2" name="Test2" time="15.663" errors="0" timestamp="2023-06-13T15:48:06 IST">
  <testcase classname="com.test.PrepaidActivationPage" name="verifyPrepaidActivation" time="6.846"/>
  <testcase classname="com.test.PrepaidActivationPage" name="verifyPrepaidActivation" time="7.509">
    <failure type="java.lang.NullPointerException" message="Cannot invoke &amp;quot;org.openqa.selenium.TakesScreenshot.getScreenshotAs(org.openqa.selenium.OutputType)&amp;quot; because &amp;quot;com.utility.Listeners.driver&amp;quot; is null">
      <![CDATA[java.lang.NullPointerException: Cannot invoke "org.openqa.selenium.TakesScreenshot.getScreenshotAs(org.openqa.selenium.OutputType)" because "com.utility.Listeners.driver" is null
at com.utility.Listeners.onTestSuccess(Listeners.java:34)
at java.base/java.util.ArrayList.forEach(ArrayList.java:1511)
... Removed 24 stack frames]]>
    </failure>
  </testcase> <!-- verifyPrepaidActivation -->
</testsuite> <!-- Test2 -->
