<?xml version="1.0" encoding="UTF-8"?>
<testng-results ignored="0" total="1" passed="1" failed="0" skipped="0">
  <reporter-output>
  </reporter-output>
  <suite started-at="2023-06-28T12:37:19 IST" name="Suite" finished-at="2023-06-28T12:37:56 IST" duration-ms="37025">
    <groups>
    </groups>
    <test started-at="2023-06-28T12:37:19 IST" name="Test1" finished-at="2023-06-28T12:37:56 IST" duration-ms="37025">
      <class name="com.test.PrepaidActivationPage">
        <test-method is-config="true" signature="openChromebrowser()[pri:0, instance:com.test.PrepaidActivationPage@63fbfaeb]" started-at="2023-06-28T12:37:19 IST" name="openChromebrowser" finished-at="2023-06-28T12:37:25 IST" duration-ms="5138" status="PASS">
          <reporter-output>
          </reporter-output>
        </test-method> <!-- openChromebrowser -->
        <test-method is-config="true" signature="openEdgebrowser()[pri:0, instance:com.test.PrepaidActivationPage@63fbfaeb]" started-at="2023-06-28T12:37:25 IST" name="openEdgebrowser" finished-at="2023-06-28T12:37:29 IST" duration-ms="4112" status="PASS">
          <reporter-output>
          </reporter-output>
        </test-method> <!-- openEdgebrowser -->
        <test-method is-config="true" signature="openFirefoxbrowser()[pri:0, instance:com.test.PrepaidActivationPage@63fbfaeb]" started-at="2023-06-28T12:37:29 IST" name="openFirefoxbrowser" finished-at="2023-06-28T12:37:34 IST" duration-ms="5105" status="PASS">
          <reporter-output>
          </reporter-output>
        </test-method> <!-- openFirefoxbrowser -->
        <test-method is-config="true" signature="openbrowser(java.lang.String)[pri:0, instance:com.test.PrepaidActivationPage@63fbfaeb]" started-at="2023-06-28T12:37:34 IST" name="openbrowser" finished-at="2023-06-28T12:37:45 IST" depends-on-methods="com.base.Base_Class.openChromebrowser, com.base.Base_Class.openEdgebrowser, com.base.Base_Class.openFirefoxbrowser" duration-ms="10976" status="PASS">
          <params>
            <param index="0">
              <value>
                <![CDATA[chrome]]>
              </value>
            </param>
          </params>
          <reporter-output>
          </reporter-output>
        </test-method> <!-- openbrowser -->
        <test-method is-config="true" signature="SincereLogin()[pri:0, instance:com.test.PrepaidActivationPage@63fbfaeb]" started-at="2023-06-28T12:37:45 IST" name="SincereLogin" finished-at="2023-06-28T12:37:45 IST" duration-ms="565" status="PASS">
          <reporter-output>
          </reporter-output>
        </test-method> <!-- SincereLogin -->
        <test-method signature="verifyPrepaidActivation()[pri:0, instance:com.test.PrepaidActivationPage@63fbfaeb]" started-at="2023-06-28T12:37:45 IST" name="verifyPrepaidActivation" finished-at="2023-06-28T12:37:53 IST" duration-ms="7804" status="PASS">
          <reporter-output>
          </reporter-output>
        </test-method> <!-- verifyPrepaidActivation -->
        <test-method is-config="true" signature="failTestCase1(org.testng.ITestResult)[pri:0, instance:com.test.PrepaidActivationPage@63fbfaeb]" started-at="2023-06-28T12:37:53 IST" name="failTestCase1" finished-at="2023-06-28T12:37:54 IST" duration-ms="935" status="PASS">
          <params>
            <param index="0">
              <value>
                <![CDATA[[TestResult name=verifyPrepaidActivation status=SUCCESS method=PrepaidActivationPage.verifyPrepaidActivation()[pri:0, instance:com.test.PrepaidActivationPage@63fbfaeb] output={null}]]]>
              </value>
            </param>
          </params>
          <reporter-output>
          </reporter-output>
        </test-method> <!-- failTestCase1 -->
        <test-method is-config="true" signature="teardown()[pri:0, instance:com.test.PrepaidActivationPage@63fbfaeb]" started-at="2023-06-28T12:37:54 IST" name="teardown" finished-at="2023-06-28T12:37:56 IST" duration-ms="2323" status="PASS">
          <reporter-output>
          </reporter-output>
        </test-method> <!-- teardown -->
      </class> <!-- com.test.PrepaidActivationPage -->
    </test> <!-- Test1 -->
  </suite> <!-- Suite -->
</testng-results>
